{"sessionId":"953efc","timestamp":1775509486554,"hypothesisId":"H4","location":"app/page.tsx:Home","message":"Home server render start","data":{}}
{"sessionId":"953efc","timestamp":1775509488485,"hypothesisId":"H4","location":"app/api/ping/route.ts:GET","message":"ping GET","data":{}}
{"sessionId":"953efc","timestamp":1775509488497,"hypothesisId":"H4","location":"app/api/ping/route.ts:GET","message":"ping GET","data":{}}
{"sessionId":"953efc","timestamp":1775509488519,"hypothesisId":"H4","location":"app/api/ping/route.ts:GET","message":"ping GET","data":{}}
{"sessionId":"953efc","timestamp":1775509488542,"hypothesisId":"H4","location":"app/api/ping/route.ts:GET","message":"ping GET","data":{}}
{"sessionId":"953efc","timestamp":1775509488573,"hypothesisId":"H4","location":"app/api/ping/route.ts:GET","message":"ping GET","data":{}}
{"sessionId":"953efc","timestamp":1775509488602,"hypothesisId":"H4","location":"app/api/ping/route.ts:GET","message":"ping GET","data":{}}
{"sessionId":"953efc","timestamp":1775509488629,"hypothesisId":"H4","location":"app/api/ping/route.ts:GET","message":"ping GET","data":{}}
{"sessionId":"953efc","timestamp":1775509488640,"hypothesisId":"H4","location":"app/api/ping/route.ts:GET","message":"ping GET","data":{}}
{"sessionId":"953efc","timestamp":1775509488651,"hypothesisId":"H4","location":"app/api/ping/route.ts:GET","message":"ping GET","data":{}}
{"sessionId":"953efc","timestamp":1775509488665,"hypothesisId":"H4","location":"app/api/ping/route.ts:GET","message":"ping GET","data":{}}
{"sessionId":"953efc","timestamp":1775509488674,"hypothesisId":"H4","location":"app/api/ping/route.ts:GET","message":"ping GET","data":{}}
{"sessionId":"953efc","timestamp":1775509488683,"hypothesisId":"H4","location":"app/api/ping/route.ts:GET","message":"ping GET","data":{}}
{"sessionId":"953efc","timestamp":1775509488692,"hypothesisId":"H4","location":"app/api/ping/route.ts:GET","message":"ping GET","data":{}}
{"sessionId":"953efc","timestamp":1775509488700,"hypothesisId":"H4","location":"app/api/ping/route.ts:GET","message":"ping GET","data":{}}
{"sessionId":"953efc","timestamp":1775509488709,"hypothesisId":"H4","location":"app/api/ping/route.ts:GET","message":"ping GET","data":{}}
{"sessionId":"953efc","timestamp":1775509488718,"hypothesisId":"H4","location":"app/api/ping/route.ts:GET","message":"ping GET","data":{}}
{"sessionId":"953efc","timestamp":1775509488727,"hypothesisId":"H4","location":"app/api/ping/route.ts:GET","message":"ping GET","data":{}}
{"sessionId":"953efc","timestamp":1775509488737,"hypothesisId":"H4","location":"app/api/ping/route.ts:GET","message":"ping GET","data":{}}
{"sessionId":"953efc","timestamp":1775509488746,"hypothesisId":"H4","location":"app/api/ping/route.ts:GET","message":"ping GET","data":{}}
{"sessionId":"953efc","timestamp":1775509488755,"hypothesisId":"H4","location":"app/api/ping/route.ts:GET","message":"ping GET","data":{}}
{"sessionId":"953efc","timestamp":1775509488766,"hypothesisId":"H4","location":"app/api/ping/route.ts:GET","message":"ping GET","data":{}}
{"sessionId":"953efc","timestamp":1775509488775,"hypothesisId":"H4","location":"app/api/ping/route.ts:GET","message":"ping GET","data":{}}
{"sessionId":"953efc","timestamp":1775509488785,"hypothesisId":"H4","location":"app/api/ping/route.ts:GET","message":"ping GET","data":{}}
{"sessionId":"953efc","timestamp":1775509488794,"hypothesisId":"H4","location":"app/api/ping/route.ts:GET","message":"ping GET","data":{}}
{"sessionId":"953efc","timestamp":1775509488803,"hypothesisId":"H4","location":"app/api/ping/route.ts:GET","message":"ping GET","data":{}}
{"sessionId":"953efc","timestamp":1775509488813,"hypothesisId":"H4","location":"app/api/ping/route.ts:GET","message":"ping GET","data":{}}
{"sessionId":"953efc","timestamp":1775509488822,"hypothesisId":"H4","location":"app/api/ping/route.ts:GET","message":"ping GET","data":{}}
{"sessionId":"953efc","timestamp":1775509488831,"hypothesisId":"H4","location":"app/api/ping/route.ts:GET","message":"ping GET","data":{}}
{"sessionId":"953efc","timestamp":1775509488841,"hypothesisId":"H4","location":"app/api/ping/route.ts:GET","message":"ping GET","data":{}}
{"sessionId":"953efc","timestamp":1775509488850,"hypothesisId":"H4","location":"app/api/ping/route.ts:GET","message":"ping GET","data":{}}
{"sessionId":"953efc","timestamp":1775509488860,"hypothesisId":"H4","location":"app/api/ping/route.ts:GET","message":"ping GET","data":{}}
{"sessionId":"953efc","timestamp":1775509488868,"hypothesisId":"H4","location":"app/api/ping/route.ts:GET","message":"ping GET","data":{}}
{"sessionId":"953efc","timestamp":1775509488899,"hypothesisId":"H4","location":"app/api/ping/route.ts:GET","message":"ping GET","data":{}}
{"sessionId":"953efc","timestamp":1775509488899,"hypothesisId":"H4","location":"app/api/ping/route.ts:GET","message":"ping GET","data":{}}
{"sessionId":"953efc","timestamp":1775509488900,"hypothesisId":"H4","location":"app/api/ping/route.ts:GET","message":"ping GET","data":{}}
{"sessionId":"953efc","timestamp":1775509488900,"hypothesisId":"H4","location":"app/api/ping/route.ts:GET","message":"ping GET","data":{}}
{"sessionId":"953efc","timestamp":1775509488900,"hypothesisId":"H4","location":"app/api/ping/route.ts:GET","message":"ping GET","data":{}}
{"sessionId":"953efc","timestamp":1775509488901,"hypothesisId":"H4","location":"app/api/ping/route.ts:GET","message":"ping GET","data":{}}
{"sessionId":"953efc","timestamp":1775509488915,"hypothesisId":"H4","location":"app/api/ping/route.ts:GET","message":"ping GET","data":{}}
{"sessionId":"953efc","timestamp":1775509488929,"hypothesisId":"H4","location":"app/api/ping/route.ts:GET","message":"ping GET","data":{}}
{"sessionId":"953efc","timestamp":1775509488929,"hypothesisId":"H4","location":"app/api/ping/route.ts:GET","message":"ping GET","data":{}}
{"sessionId":"953efc","timestamp":1775509488930,"hypothesisId":"H4","location":"app/api/ping/route.ts:GET","message":"ping GET","data":{}}
{"sessionId":"953efc","timestamp":1775509488930,"hypothesisId":"H4","location":"app/api/ping/route.ts:GET","message":"ping GET","data":{}}
{"sessionId":"953efc","timestamp":1775509488931,"hypothesisId":"H4","location":"app/api/ping/route.ts:GET","message":"ping GET","data":{}}
{"sessionId":"953efc","timestamp":1775509488942,"hypothesisId":"H4","location":"app/api/ping/route.ts:GET","message":"ping GET","data":{}}
{"sessionId":"953efc","timestamp":1775509488950,"hypothesisId":"H4","location":"app/api/ping/route.ts:GET","message":"ping GET","data":{}}
{"sessionId":"953efc","timestamp":1775509489134,"hypothesisId":"H2","location":"app/api/speed/route.ts:GET","message":"GET entry","data":{"searchParams":{"bytes":"2097152","k":"1775509488956"}}}
{"sessionId":"953efc","timestamp":1775509489134,"hypothesisId":"H2","location":"app/api/speed/route.ts:GET","message":"before Buffer.alloc","data":{"bytes":2097152}}
{"sessionId":"953efc","timestamp":1775509489135,"hypothesisId":"H2","location":"app/api/speed/route.ts:GET","message":"after Buffer.alloc ok","data":{"bytes":2097152}}
{"sessionId":"953efc","timestamp":1775509489136,"hypothesisId":"H2","location":"app/api/speed/route.ts:GET","message":"GET entry","data":{"searchParams":{"bytes":"524288","k":"1775509488956-0"}}}
{"sessionId":"953efc","timestamp":1775509489136,"hypothesisId":"H2","location":"app/api/speed/route.ts:GET","message":"before Buffer.alloc","data":{"bytes":524288}}
{"sessionId":"953efc","timestamp":1775509489136,"hypothesisId":"H2","location":"app/api/speed/route.ts:GET","message":"after Buffer.alloc ok","data":{"bytes":524288}}
{"sessionId":"953efc","timestamp":1775509489137,"hypothesisId":"H2","location":"app/api/speed/route.ts:GET","message":"GET entry","data":{"searchParams":{"bytes":"524288","k":"1775509488956-1"}}}
{"sessionId":"953efc","timestamp":1775509489137,"hypothesisId":"H2","location":"app/api/speed/route.ts:GET","message":"before Buffer.alloc","data":{"bytes":524288}}
{"sessionId":"953efc","timestamp":1775509489137,"hypothesisId":"H2","location":"app/api/speed/route.ts:GET","message":"after Buffer.alloc ok","data":{"bytes":524288}}
{"sessionId":"953efc","timestamp":1775509489138,"hypothesisId":"H2","location":"app/api/speed/route.ts:GET","message":"GET entry","data":{"searchParams":{"bytes":"524288","k":"1775509488957-2"}}}
{"sessionId":"953efc","timestamp":1775509489138,"hypothesisId":"H2","location":"app/api/speed/route.ts:GET","message":"before Buffer.alloc","data":{"bytes":524288}}
{"sessionId":"953efc","timestamp":1775509489138,"hypothesisId":"H2","location":"app/api/speed/route.ts:GET","message":"after Buffer.alloc ok","data":{"bytes":524288}}
{"sessionId":"953efc","timestamp":1775509489139,"hypothesisId":"H2","location":"app/api/speed/route.ts:GET","message":"GET entry","data":{"searchParams":{"bytes":"524288","k":"1775509488957-3"}}}
{"sessionId":"953efc","timestamp":1775509489139,"hypothesisId":"H2","location":"app/api/speed/route.ts:GET","message":"before Buffer.alloc","data":{"bytes":524288}}
{"sessionId":"953efc","timestamp":1775509489140,"hypothesisId":"H2","location":"app/api/speed/route.ts:GET","message":"after Buffer.alloc ok","data":{"bytes":524288}}
{"sessionId":"953efc","timestamp":1775509489140,"hypothesisId":"H2","location":"app/api/speed/route.ts:GET","message":"GET entry","data":{"searchParams":{"bytes":"524288","k":"1775509488956"}}}
{"sessionId":"953efc","timestamp":1775509489141,"hypothesisId":"H2","location":"app/api/speed/route.ts:GET","message":"before Buffer.alloc","data":{"bytes":524288}}
{"sessionId":"953efc","timestamp":1775509489141,"hypothesisId":"H2","location":"app/api/speed/route.ts:GET","message":"after Buffer.alloc ok","data":{"bytes":524288}}
{"sessionId":"953efc","timestamp":1775509489163,"hypothesisId":"H1","location":"app/api/speed/route.ts:POST","message":"POST entry","data":{"contentLength":"786432"},"runId":"arrayBuffer"}
{"sessionId":"953efc","timestamp":1775509489166,"hypothesisId":"H1","location":"app/api/speed/route.ts:POST","message":"POST arrayBuffer ok","data":{"received":786432},"runId":"arrayBuffer"}
{"sessionId":"953efc","timestamp":1775509489176,"hypothesisId":"H1","location":"app/api/speed/route.ts:POST","message":"POST entry","data":{"contentLength":"1400"},"runId":"arrayBuffer"}
{"sessionId":"953efc","timestamp":1775509489177,"hypothesisId":"H1","location":"app/api/speed/route.ts:POST","message":"POST arrayBuffer ok","data":{"received":1400},"runId":"arrayBuffer"}
{"sessionId":"953efc","timestamp":1775509489187,"hypothesisId":"H1","location":"app/api/speed/route.ts:POST","message":"POST entry","data":{"contentLength":"1400"},"runId":"arrayBuffer"}
{"sessionId":"953efc","timestamp":1775509489188,"hypothesisId":"H1","location":"app/api/speed/route.ts:POST","message":"POST arrayBuffer ok","data":{"received":1400},"runId":"arrayBuffer"}
{"sessionId":"953efc","timestamp":1775509489199,"hypothesisId":"H1","location":"app/api/speed/route.ts:POST","message":"POST entry","data":{"contentLength":"1400"},"runId":"arrayBuffer"}
{"sessionId":"953efc","timestamp":1775509489199,"hypothesisId":"H1","location":"app/api/speed/route.ts:POST","message":"POST arrayBuffer ok","data":{"received":1400},"runId":"arrayBuffer"}
{"sessionId":"953efc","timestamp":1775509489208,"hypothesisId":"H1","location":"app/api/speed/route.ts:POST","message":"POST entry","data":{"contentLength":"1400"},"runId":"arrayBuffer"}
{"sessionId":"953efc","timestamp":1775509489209,"hypothesisId":"H1","location":"app/api/speed/route.ts:POST","message":"POST arrayBuffer ok","data":{"received":1400},"runId":"arrayBuffer"}
{"sessionId":"953efc","timestamp":1775509489218,"hypothesisId":"H1","location":"app/api/speed/route.ts:POST","message":"POST entry","data":{"contentLength":"1400"},"runId":"arrayBuffer"}
{"sessionId":"953efc","timestamp":1775509489218,"hypothesisId":"H1","location":"app/api/speed/route.ts:POST","message":"POST arrayBuffer ok","data":{"received":1400},"runId":"arrayBuffer"}
{"sessionId":"953efc","timestamp":1775509489227,"hypothesisId":"H1","location":"app/api/speed/route.ts:POST","message":"POST entry","data":{"contentLength":"1400"},"runId":"arrayBuffer"}
{"sessionId":"953efc","timestamp":1775509489227,"hypothesisId":"H1","location":"app/api/speed/route.ts:POST","message":"POST arrayBuffer ok","data":{"received":1400},"runId":"arrayBuffer"}
{"sessionId":"953efc","timestamp":1775509489237,"hypothesisId":"H1","location":"app/api/speed/route.ts:POST","message":"POST entry","data":{"contentLength":"1400"},"runId":"arrayBuffer"}
{"sessionId":"953efc","timestamp":1775509489238,"hypothesisId":"H1","location":"app/api/speed/route.ts:POST","message":"POST arrayBuffer ok","data":{"received":1400},"runId":"arrayBuffer"}
{"sessionId":"953efc","timestamp":1775509489247,"hypothesisId":"H1","location":"app/api/speed/route.ts:POST","message":"POST entry","data":{"contentLength":"1400"},"runId":"arrayBuffer"}
{"sessionId":"953efc","timestamp":1775509489248,"hypothesisId":"H1","location":"app/api/speed/route.ts:POST","message":"POST arrayBuffer ok","data":{"received":1400},"runId":"arrayBuffer"}
{"sessionId":"953efc","timestamp":1775509489256,"hypothesisId":"H1","location":"app/api/speed/route.ts:POST","message":"POST entry","data":{"contentLength":"1400"},"runId":"arrayBuffer"}
{"sessionId":"953efc","timestamp":1775509489257,"hypothesisId":"H1","location":"app/api/speed/route.ts:POST","message":"POST arrayBuffer ok","data":{"received":1400},"runId":"arrayBuffer"}
{"sessionId":"953efc","timestamp":1775509489266,"hypothesisId":"H1","location":"app/api/speed/route.ts:POST","message":"POST entry","data":{"contentLength":"1400"},"runId":"arrayBuffer"}
{"sessionId":"953efc","timestamp":1775509489266,"hypothesisId":"H1","location":"app/api/speed/route.ts:POST","message":"POST arrayBuffer ok","data":{"received":1400},"runId":"arrayBuffer"}
{"sessionId":"953efc","timestamp":1775509489275,"hypothesisId":"H1","location":"app/api/speed/route.ts:POST","message":"POST entry","data":{"contentLength":"1400"},"runId":"arrayBuffer"}
{"sessionId":"953efc","timestamp":1775509489275,"hypothesisId":"H1","location":"app/api/speed/route.ts:POST","message":"POST arrayBuffer ok","data":{"received":1400},"runId":"arrayBuffer"}
{"sessionId":"953efc","timestamp":1775509489284,"hypothesisId":"H1","location":"app/api/speed/route.ts:POST","message":"POST entry","data":{"contentLength":"1400"},"runId":"arrayBuffer"}
{"sessionId":"953efc","timestamp":1775509489285,"hypothesisId":"H1","location":"app/api/speed/route.ts:POST","message":"POST arrayBuffer ok","data":{"received":1400},"runId":"arrayBuffer"}
{"sessionId":"953efc","timestamp":1775509489293,"hypothesisId":"H1","location":"app/api/speed/route.ts:POST","message":"POST entry","data":{"contentLength":"1400"},"runId":"arrayBuffer"}
{"sessionId":"953efc","timestamp":1775509489294,"hypothesisId":"H1","location":"app/api/speed/route.ts:POST","message":"POST arrayBuffer ok","data":{"received":1400},"runId":"arrayBuffer"}
{"sessionId":"953efc","timestamp":1775509489303,"hypothesisId":"H1","location":"app/api/speed/route.ts:POST","message":"POST entry","data":{"contentLength":"1400"},"runId":"arrayBuffer"}
{"sessionId":"953efc","timestamp":1775509489304,"hypothesisId":"H1","location":"app/api/speed/route.ts:POST","message":"POST arrayBuffer ok","data":{"received":1400},"runId":"arrayBuffer"}
{"sessionId":"953efc","timestamp":1775509489312,"hypothesisId":"H1","location":"app/api/speed/route.ts:POST","message":"POST entry","data":{"contentLength":"1400"},"runId":"arrayBuffer"}
{"sessionId":"953efc","timestamp":1775509489313,"hypothesisId":"H1","location":"app/api/speed/route.ts:POST","message":"POST arrayBuffer ok","data":{"received":1400},"runId":"arrayBuffer"}
{"sessionId":"953efc","timestamp":1775509489322,"hypothesisId":"H1","location":"app/api/speed/route.ts:POST","message":"POST entry","data":{"contentLength":"1400"},"runId":"arrayBuffer"}
{"sessionId":"953efc","timestamp":1775509489323,"hypothesisId":"H1","location":"app/api/speed/route.ts:POST","message":"POST arrayBuffer ok","data":{"received":1400},"runId":"arrayBuffer"}
{"sessionId":"953efc","timestamp":1775509489350,"hypothesisId":"H1","location":"app/api/speed/route.ts:POST","message":"POST entry","data":{"contentLength":"1400"},"runId":"arrayBuffer"}
{"sessionId":"953efc","timestamp":1775509489351,"hypothesisId":"H1","location":"app/api/speed/route.ts:POST","message":"POST arrayBuffer ok","data":{"received":1400},"runId":"arrayBuffer"}
{"sessionId":"953efc","timestamp":1775509489368,"hypothesisId":"H1","location":"app/api/speed/route.ts:POST","message":"POST entry","data":{"contentLength":"1400"},"runId":"arrayBuffer"}
{"sessionId":"953efc","timestamp":1775509489369,"hypothesisId":"H1","location":"app/api/speed/route.ts:POST","message":"POST arrayBuffer ok","data":{"received":1400},"runId":"arrayBuffer"}
{"sessionId":"953efc","timestamp":1775509489392,"hypothesisId":"H1","location":"app/api/speed/route.ts:POST","message":"POST entry","data":{"contentLength":"1400"},"runId":"arrayBuffer"}
{"sessionId":"953efc","timestamp":1775509489393,"hypothesisId":"H1","location":"app/api/speed/route.ts:POST","message":"POST arrayBuffer ok","data":{"received":1400},"runId":"arrayBuffer"}
{"sessionId":"953efc","timestamp":1775509489416,"hypothesisId":"H1","location":"app/api/speed/route.ts:POST","message":"POST entry","data":{"contentLength":"1400"},"runId":"arrayBuffer"}
{"sessionId":"953efc","timestamp":1775509489416,"hypothesisId":"H1","location":"app/api/speed/route.ts:POST","message":"POST arrayBuffer ok","data":{"received":1400},"runId":"arrayBuffer"}
{"sessionId":"953efc","timestamp":1775509489437,"hypothesisId":"H1","location":"app/api/speed/route.ts:POST","message":"POST entry","data":{"contentLength":"1400"},"runId":"arrayBuffer"}
{"sessionId":"953efc","timestamp":1775509489438,"hypothesisId":"H1","location":"app/api/speed/route.ts:POST","message":"POST arrayBuffer ok","data":{"received":1400},"runId":"arrayBuffer"}
{"sessionId":"953efc","timestamp":1775509489460,"hypothesisId":"H1","location":"app/api/speed/route.ts:POST","message":"POST entry","data":{"contentLength":"1400"},"runId":"arrayBuffer"}
{"sessionId":"953efc","timestamp":1775509489460,"hypothesisId":"H1","location":"app/api/speed/route.ts:POST","message":"POST arrayBuffer ok","data":{"received":1400},"runId":"arrayBuffer"}
{"sessionId":"953efc","timestamp":1775509489469,"hypothesisId":"H1","location":"app/api/speed/route.ts:POST","message":"POST entry","data":{"contentLength":"1400"},"runId":"arrayBuffer"}
{"sessionId":"953efc","timestamp":1775509489470,"hypothesisId":"H1","location":"app/api/speed/route.ts:POST","message":"POST arrayBuffer ok","data":{"received":1400},"runId":"arrayBuffer"}
{"sessionId":"953efc","timestamp":1775509489478,"hypothesisId":"H1","location":"app/api/speed/route.ts:POST","message":"POST entry","data":{"contentLength":"1400"},"runId":"arrayBuffer"}
{"sessionId":"953efc","timestamp":1775509489479,"hypothesisId":"H1","location":"app/api/speed/route.ts:POST","message":"POST arrayBuffer ok","data":{"received":1400},"runId":"arrayBuffer"}
{"sessionId":"953efc","timestamp":1775509489487,"hypothesisId":"H1","location":"app/api/speed/route.ts:POST","message":"POST entry","data":{"contentLength":"1400"},"runId":"arrayBuffer"}
{"sessionId":"953efc","timestamp":1775509489487,"hypothesisId":"H1","location":"app/api/speed/route.ts:POST","message":"POST arrayBuffer ok","data":{"received":1400},"runId":"arrayBuffer"}
{"sessionId":"953efc","timestamp":1775509489497,"hypothesisId":"H1","location":"app/api/speed/route.ts:POST","message":"POST entry","data":{"contentLength":"1400"},"runId":"arrayBuffer"}
{"sessionId":"953efc","timestamp":1775509489498,"hypothesisId":"H1","location":"app/api/speed/route.ts:POST","message":"POST arrayBuffer ok","data":{"received":1400},"runId":"arrayBuffer"}
{"sessionId":"953efc","timestamp":1775509489508,"hypothesisId":"H1","location":"app/api/speed/route.ts:POST","message":"POST entry","data":{"contentLength":"1400"},"runId":"arrayBuffer"}
{"sessionId":"953efc","timestamp":1775509489508,"hypothesisId":"H1","location":"app/api/speed/route.ts:POST","message":"POST arrayBuffer ok","data":{"received":1400},"runId":"arrayBuffer"}
{"sessionId":"953efc","timestamp":1775509489519,"hypothesisId":"H1","location":"app/api/speed/route.ts:POST","message":"POST entry","data":{"contentLength":"1400"},"runId":"arrayBuffer"}
{"sessionId":"953efc","timestamp":1775509489519,"hypothesisId":"H1","location":"app/api/speed/route.ts:POST","message":"POST arrayBuffer ok","data":{"received":1400},"runId":"arrayBuffer"}
{"sessionId":"953efc","timestamp":1775509489546,"hypothesisId":"H1","location":"app/api/speed/route.ts:POST","message":"POST entry","data":{"contentLength":"1400"},"runId":"arrayBuffer"}
{"sessionId":"953efc","timestamp":1775509489547,"hypothesisId":"H1","location":"app/api/speed/route.ts:POST","message":"POST entry","data":{"contentLength":"1400"},"runId":"arrayBuffer"}
{"sessionId":"953efc","timestamp":1775509489547,"hypothesisId":"H1","location":"app/api/speed/route.ts:POST","message":"POST entry","data":{"contentLength":"1400"},"runId":"arrayBuffer"}
{"sessionId":"953efc","timestamp":1775509489548,"hypothesisId":"H1","location":"app/api/speed/route.ts:POST","message":"POST entry","data":{"contentLength":"1400"},"runId":"arrayBuffer"}
{"sessionId":"953efc","timestamp":1775509489548,"hypothesisId":"H1","location":"app/api/speed/route.ts:POST","message":"POST entry","data":{"contentLength":"1400"},"runId":"arrayBuffer"}
{"sessionId":"953efc","timestamp":1775509489549,"hypothesisId":"H1","location":"app/api/speed/route.ts:POST","message":"POST entry","data":{"contentLength":"1400"},"runId":"arrayBuffer"}
{"sessionId":"953efc","timestamp":1775509489549,"hypothesisId":"H1","location":"app/api/speed/route.ts:POST","message":"POST arrayBuffer ok","data":{"received":1400},"runId":"arrayBuffer"}
{"sessionId":"953efc","timestamp":1775509489550,"hypothesisId":"H1","location":"app/api/speed/route.ts:POST","message":"POST arrayBuffer ok","data":{"received":1400},"runId":"arrayBuffer"}
{"sessionId":"953efc","timestamp":1775509489550,"hypothesisId":"H1","location":"app/api/speed/route.ts:POST","message":"POST arrayBuffer ok","data":{"received":1400},"runId":"arrayBuffer"}
{"sessionId":"953efc","timestamp":1775509489550,"hypothesisId":"H1","location":"app/api/speed/route.ts:POST","message":"POST arrayBuffer ok","data":{"received":1400},"runId":"arrayBuffer"}
{"sessionId":"953efc","timestamp":1775509489550,"hypothesisId":"H1","location":"app/api/speed/route.ts:POST","message":"POST arrayBuffer ok","data":{"received":1400},"runId":"arrayBuffer"}
{"sessionId":"953efc","timestamp":1775509489551,"hypothesisId":"H1","location":"app/api/speed/route.ts:POST","message":"POST arrayBuffer ok","data":{"received":1400},"runId":"arrayBuffer"}
{"sessionId":"953efc","timestamp":1775509489574,"hypothesisId":"H1","location":"app/api/speed/route.ts:POST","message":"POST entry","data":{"contentLength":"1400"},"runId":"arrayBuffer"}
{"sessionId":"953efc","timestamp":1775509489574,"hypothesisId":"H1","location":"app/api/speed/route.ts:POST","message":"POST entry","data":{"contentLength":"1400"},"runId":"arrayBuffer"}
{"sessionId":"953efc","timestamp":1775509489575,"hypothesisId":"H1","location":"app/api/speed/route.ts:POST","message":"POST entry","data":{"contentLength":"1400"},"runId":"arrayBuffer"}
{"sessionId":"953efc","timestamp":1775509489576,"hypothesisId":"H1","location":"app/api/speed/route.ts:POST","message":"POST entry","data":{"contentLength":"1400"},"runId":"arrayBuffer"}
{"sessionId":"953efc","timestamp":1775509489576,"hypothesisId":"H1","location":"app/api/speed/route.ts:POST","message":"POST entry","data":{"contentLength":"1400"},"runId":"arrayBuffer"}
{"sessionId":"953efc","timestamp":1775509489576,"hypothesisId":"H1","location":"app/api/speed/route.ts:POST","message":"POST entry","data":{"contentLength":"1400"},"runId":"arrayBuffer"}
{"sessionId":"953efc","timestamp":1775509489577,"hypothesisId":"H1","location":"app/api/speed/route.ts:POST","message":"POST arrayBuffer ok","data":{"received":1400},"runId":"arrayBuffer"}
{"sessionId":"953efc","timestamp":1775509489578,"hypothesisId":"H1","location":"app/api/speed/route.ts:POST","message":"POST arrayBuffer ok","data":{"received":1400},"runId":"arrayBuffer"}
{"sessionId":"953efc","timestamp":1775509489578,"hypothesisId":"H1","location":"app/api/speed/route.ts:POST","message":"POST arrayBuffer ok","data":{"received":1400},"runId":"arrayBuffer"}
{"sessionId":"953efc","timestamp":1775509489578,"hypothesisId":"H1","location":"app/api/speed/route.ts:POST","message":"POST arrayBuffer ok","data":{"received":1400},"runId":"arrayBuffer"}
{"sessionId":"953efc","timestamp":1775509489579,"hypothesisId":"H1","location":"app/api/speed/route.ts:POST","message":"POST arrayBuffer ok","data":{"received":1400},"runId":"arrayBuffer"}
{"sessionId":"953efc","timestamp":1775509489579,"hypothesisId":"H1","location":"app/api/speed/route.ts:POST","message":"POST arrayBuffer ok","data":{"received":1400},"runId":"arrayBuffer"}
{"sessionId":"953efc","timestamp":1775509489592,"hypothesisId":"H1","location":"app/api/speed/route.ts:POST","message":"POST entry","data":{"contentLength":"1400"},"runId":"arrayBuffer"}
{"sessionId":"953efc","timestamp":1775509489598,"hypothesisId":"H1","location":"app/api/speed/route.ts:POST","message":"POST entry","data":{"contentLength":"1400"},"runId":"arrayBuffer"}
{"sessionId":"953efc","timestamp":1775509489599,"hypothesisId":"H1","location":"app/api/speed/route.ts:POST","message":"POST arrayBuffer ok","data":{"received":1400},"runId":"arrayBuffer"}
{"sessionId":"953efc","timestamp":1775509489599,"hypothesisId":"H1","location":"app/api/speed/route.ts:POST","message":"POST arrayBuffer ok","data":{"received":1400},"runId":"arrayBuffer"}
{"sessionId":"953efc","timestamp":1775509503079,"hypothesisId":"H4","location":"app/page.tsx:Home","message":"Home server render start","data":{}}
{"sessionId":"953efc","timestamp":1775509528195,"hypothesisId":"H4","location":"app/page.tsx:Home","message":"Home server render start","data":{}}
{"sessionId":"953efc","timestamp":1775509539494,"hypothesisId":"H4","location":"app/page.tsx:Home","message":"Home server render start","data":{}}
{"sessionId":"953efc","timestamp":1775509546051,"hypothesisId":"H4","location":"app/page.tsx:Home","message":"Home server render start","data":{}}
{"sessionId":"953efc","timestamp":1775509548463,"hypothesisId":"H4","location":"app/page.tsx:Home","message":"Home server render start","data":{}}
{"sessionId":"953efc","timestamp":1775509598427,"hypothesisId":"H4","location":"app/page.tsx:Home","message":"Home server render start","data":{}}
{"sessionId":"953efc","timestamp":1775509610462,"hypothesisId":"H4","location":"app/page.tsx:Home","message":"Home server render start","data":{}}
{"sessionId":"953efc","timestamp":1775509618217,"hypothesisId":"H4","location":"app/page.tsx:Home","message":"Home server render start","data":{}}
{"sessionId":"953efc","timestamp":1775509636984,"hypothesisId":"H4","location":"app/page.tsx:Home","message":"Home server render start","data":{}}
{"sessionId":"953efc","timestamp":1775509646462,"hypothesisId":"H4","location":"app/page.tsx:Home","message":"Home server render start","data":{}}
{"sessionId":"953efc","timestamp":1775509651108,"hypothesisId":"H4","location":"app/page.tsx:Home","message":"Home server render start","data":{}}
{"sessionId":"953efc","timestamp":1775509656282,"hypothesisId":"H4","location":"app/page.tsx:Home","message":"Home server render start","data":{}}
{"sessionId":"953efc","timestamp":1775509661734,"hypothesisId":"H4","location":"app/page.tsx:Home","message":"Home server render start","data":{}}
{"sessionId":"953efc","timestamp":1775509666654,"hypothesisId":"H4","location":"app/page.tsx:Home","message":"Home server render start","data":{}}
{"sessionId":"953efc","timestamp":1775509671682,"hypothesisId":"H4","location":"app/page.tsx:Home","message":"Home server render start","data":{}}
{"sessionId":"953efc","timestamp":1775509676829,"hypothesisId":"H4","location":"app/page.tsx:Home","message":"Home server render start","data":{}}
{"sessionId":"953efc","timestamp":1775509681626,"hypothesisId":"H4","location":"app/page.tsx:Home","message":"Home server render start","data":{}}
{"sessionId":"953efc","timestamp":1775509686630,"hypothesisId":"H4","location":"app/page.tsx:Home","message":"Home server render start","data":{}}
{"sessionId":"953efc","timestamp":1775509687180,"hypothesisId":"H4","location":"app/page.tsx:Home","message":"Home server render start","data":{}}
{"sessionId":"953efc","timestamp":1775509696291,"hypothesisId":"H4","location":"app/page.tsx:Home","message":"Home server render start","data":{}}
{"sessionId":"953efc","timestamp":1775509698252,"hypothesisId":"H4","location":"app/page.tsx:Home","message":"Home server render start","data":{}}
{"sessionId":"953efc","timestamp":1775509707036,"hypothesisId":"H4","location":"app/page.tsx:Home","message":"Home server render start","data":{}}
{"sessionId":"953efc","timestamp":1775509711735,"hypothesisId":"H4","location":"app/page.tsx:Home","message":"Home server render start","data":{}}
{"sessionId":"953efc","timestamp":1775509716734,"hypothesisId":"H4","location":"app/page.tsx:Home","message":"Home server render start","data":{}}
{"sessionId":"953efc","timestamp":1775509717338,"hypothesisId":"H4","location":"app/page.tsx:Home","message":"Home server render start","data":{}}
{"sessionId":"953efc","timestamp":1775509725990,"hypothesisId":"H4","location":"app/page.tsx:Home","message":"Home server render start","data":{}}
{"sessionId":"953efc","timestamp":1775509731121,"hypothesisId":"H4","location":"app/page.tsx:Home","message":"Home server render start","data":{}}
{"sessionId":"953efc","timestamp":1775509731654,"hypothesisId":"H4","location":"app/page.tsx:Home","message":"Home server render start","data":{}}
{"sessionId":"953efc","timestamp":1775509737551,"hypothesisId":"H4","location":"app/page.tsx:Home","message":"Home server render start","data":{}}
{"sessionId":"953efc","timestamp":1775509752352,"hypothesisId":"H4","location":"app/page.tsx:Home","message":"Home server render start","data":{}}
{"sessionId":"953efc","timestamp":1775509806898,"hypothesisId":"H4","location":"app/page.tsx:Home","message":"Home server render start","data":{}}
{"sessionId":"953efc","timestamp":1775509822609,"hypothesisId":"H4","location":"app/page.tsx:Home","message":"Home server render start","data":{}}
{"sessionId":"953efc","timestamp":1775509833785,"hypothesisId":"H4","location":"app/page.tsx:Home","message":"Home server render start","data":{}}
{"sessionId":"953efc","timestamp":1775509837384,"hypothesisId":"H4","location":"app/page.tsx:Home","message":"Home server render start","data":{}}
{"sessionId":"953efc","timestamp":1775509860138,"hypothesisId":"H4","location":"app/page.tsx:Home","message":"Home server render start","data":{}}
{"sessionId":"953efc","timestamp":1775509882065,"hypothesisId":"H4","location":"app/page.tsx:Home","message":"Home server render start","data":{}}
{"sessionId":"953efc","timestamp":1775510047885,"hypothesisId":"H4","location":"app/page.tsx:Home","message":"Home server render start","data":{}}
{"sessionId":"953efc","timestamp":1775510052524,"hypothesisId":"H4","location":"app/page.tsx:Home","message":"Home server render start","data":{}}
{"sessionId":"953efc","timestamp":1775510086600,"hypothesisId":"H4","location":"app/page.tsx:Home","message":"Home server render start","data":{}}
{"sessionId":"953efc","timestamp":1775510127533,"hypothesisId":"H4","location":"app/page.tsx:Home","message":"Home server render start","data":{}}
{"sessionId":"953efc","timestamp":1775510167347,"hypothesisId":"H4","location":"app/page.tsx:Home","message":"Home server render start","data":{}}
{"sessionId":"953efc","timestamp":1775510358720,"hypothesisId":"H4","location":"app/page.tsx:Home","message":"Home server render start","data":{}}
{"sessionId":"953efc","timestamp":1775510363089,"hypothesisId":"H4","location":"app/page.tsx:Home","message":"Home server render start","data":{}}
{"sessionId":"953efc","timestamp":1775510368415,"hypothesisId":"H4","location":"app/page.tsx:Home","message":"Home server render start","data":{}}
{"sessionId":"953efc","timestamp":1775510374280,"hypothesisId":"H4","location":"app/page.tsx:Home","message":"Home server render start","data":{}}
{"sessionId":"953efc","timestamp":1775510374761,"hypothesisId":"H4","location":"app/page.tsx:Home","message":"Home server render start","data":{}}
{"sessionId":"953efc","timestamp":1775510375154,"hypothesisId":"H4","location":"app/page.tsx:Home","message":"Home server render start","data":{}}
{"sessionId":"953efc","timestamp":1775510380310,"hypothesisId":"H4","location":"app/page.tsx:Home","message":"Home server render start","data":{}}
{"sessionId":"953efc","timestamp":1775510386153,"hypothesisId":"H4","location":"app/page.tsx:Home","message":"Home server render start","data":{}}
{"sessionId":"953efc","timestamp":1775510394130,"hypothesisId":"H4","location":"app/page.tsx:Home","message":"Home server render start","data":{}}
{"sessionId":"953efc","timestamp":1775510394535,"hypothesisId":"H4","location":"app/page.tsx:Home","message":"Home server render start","data":{}}
{"sessionId":"953efc","timestamp":1775510394942,"hypothesisId":"H4","location":"app/page.tsx:Home","message":"Home server render start","data":{}}
{"sessionId":"953efc","timestamp":1775510395341,"hypothesisId":"H4","location":"app/page.tsx:Home","message":"Home server render start","data":{}}
{"sessionId":"953efc","timestamp":1775510400261,"hypothesisId":"H4","location":"app/page.tsx:Home","message":"Home server render start","data":{}}
{"sessionId":"953efc","timestamp":1775510406075,"hypothesisId":"H4","location":"app/page.tsx:Home","message":"Home server render start","data":{}}
{"sessionId":"953efc","timestamp":1775510406332,"hypothesisId":"H4","location":"app/page.tsx:Home","message":"Home server render start","data":{}}
{"sessionId":"953efc","timestamp":1775510411243,"hypothesisId":"H4","location":"app/page.tsx:Home","message":"Home server render start","data":{}}
{"sessionId":"953efc","timestamp":1775510411536,"hypothesisId":"H4","location":"app/page.tsx:Home","message":"Home server render start","data":{}}
{"sessionId":"953efc","timestamp":1775510411932,"hypothesisId":"H4","location":"app/page.tsx:Home","message":"Home server render start","data":{}}
{"sessionId":"953efc","timestamp":1775510412415,"hypothesisId":"H4","location":"app/page.tsx:Home","message":"Home server render start","data":{}}
{"sessionId":"953efc","timestamp":1775510419781,"hypothesisId":"H4","location":"app/page.tsx:Home","message":"Home server render start","data":{}}
{"sessionId":"953efc","timestamp":1775510424721,"hypothesisId":"H4","location":"app/page.tsx:Home","message":"Home server render start","data":{}}
{"sessionId":"953efc","timestamp":1775510429917,"hypothesisId":"H4","location":"app/page.tsx:Home","message":"Home server render start","data":{}}
{"sessionId":"953efc","timestamp":1775510436233,"hypothesisId":"H4","location":"app/page.tsx:Home","message":"Home server render start","data":{}}
{"sessionId":"953efc","timestamp":1775510441303,"hypothesisId":"H4","location":"app/page.tsx:Home","message":"Home server render start","data":{}}
{"sessionId":"953efc","timestamp":1775510446304,"hypothesisId":"H4","location":"app/page.tsx:Home","message":"Home server render start","data":{}}
{"sessionId":"953efc","timestamp":1775510451313,"hypothesisId":"H4","location":"app/page.tsx:Home","message":"Home server render start","data":{}}
{"sessionId":"953efc","timestamp":1775510460135,"hypothesisId":"H4","location":"app/page.tsx:Home","message":"Home server render start","data":{}}
{"sessionId":"953efc","timestamp":1775510513802,"hypothesisId":"H4","location":"app/page.tsx:Home","message":"Home server render start","data":{}}
{"sessionId":"953efc","timestamp":1775510513824,"hypothesisId":"H4","location":"app/page.tsx:Home","message":"Home server render start","data":{}}
{"sessionId":"953efc","timestamp":1775510523742,"hypothesisId":"H4","location":"app/page.tsx:Home","message":"Home server render start","data":{}}
{"sessionId":"953efc","timestamp":1775510524643,"hypothesisId":"H4","location":"app/page.tsx:Home","message":"Home server render start","data":{}}
{"sessionId":"953efc","timestamp":1775510536936,"hypothesisId":"H4","location":"app/page.tsx:Home","message":"Home server render start","data":{}}
{"sessionId":"953efc","timestamp":1775510548500,"hypothesisId":"H4","location":"app/page.tsx:Home","message":"Home server render start","data":{}}
{"sessionId":"953efc","timestamp":1775510557659,"hypothesisId":"H4","location":"app/page.tsx:Home","message":"Home server render start","data":{}}
{"sessionId":"953efc","timestamp":1775510570474,"hypothesisId":"H4","location":"app/page.tsx:Home","message":"Home server render start","data":{}}
{"sessionId":"953efc","timestamp":1775510572115,"hypothesisId":"H4","location":"app/page.tsx:Home","message":"Home server render start","data":{}}
{"sessionId":"953efc","timestamp":1775510577848,"hypothesisId":"H4","location":"app/page.tsx:Home","message":"Home server render start","data":{}}
{"sessionId":"953efc","timestamp":1775510582909,"hypothesisId":"H4","location":"app/page.tsx:Home","message":"Home server render start","data":{}}
{"sessionId":"953efc","timestamp":1775510583579,"hypothesisId":"H4","location":"app/page.tsx:Home","message":"Home server render start","data":{}}
{"sessionId":"953efc","timestamp":1775510592793,"hypothesisId":"H4","location":"app/page.tsx:Home","message":"Home server render start","data":{}}
{"sessionId":"953efc","timestamp":1775510593279,"hypothesisId":"H4","location":"app/page.tsx:Home","message":"Home server render start","data":{}}
{"sessionId":"953efc","timestamp":1775510601822,"hypothesisId":"H4","location":"app/page.tsx:Home","message":"Home server render start","data":{}}
{"sessionId":"953efc","timestamp":1775510602225,"hypothesisId":"H4","location":"app/page.tsx:Home","message":"Home server render start","data":{}}
{"sessionId":"953efc","timestamp":1775510607526,"hypothesisId":"H4","location":"app/page.tsx:Home","message":"Home server render start","data":{}}
{"sessionId":"953efc","timestamp":1775510617139,"hypothesisId":"H4","location":"app/page.tsx:Home","message":"Home server render start","data":{}}
{"sessionId":"953efc","timestamp":1775510625281,"hypothesisId":"H4","location":"app/page.tsx:Home","message":"Home server render start","data":{}}
{"sessionId":"953efc","timestamp":1775510625786,"hypothesisId":"H4","location":"app/page.tsx:Home","message":"Home server render start","data":{}}
{"sessionId":"953efc","timestamp":1775510626185,"hypothesisId":"H4","location":"app/page.tsx:Home","message":"Home server render start","data":{}}
{"sessionId":"953efc","timestamp":1775510626618,"hypothesisId":"H4","location":"app/page.tsx:Home","message":"Home server render start","data":{}}
{"sessionId":"953efc","timestamp":1775510633412,"hypothesisId":"H4","location":"app/page.tsx:Home","message":"Home server render start","data":{}}
{"sessionId":"953efc","timestamp":1775510633869,"hypothesisId":"H4","location":"app/page.tsx:Home","message":"Home server render start","data":{}}
{"sessionId":"953efc","timestamp":1775510642558,"hypothesisId":"H4","location":"app/page.tsx:Home","message":"Home server render start","data":{}}
{"sessionId":"953efc","timestamp":1775510643010,"hypothesisId":"H4","location":"app/page.tsx:Home","message":"Home server render start","data":{}}
{"sessionId":"953efc","timestamp":1775510643260,"hypothesisId":"H4","location":"app/page.tsx:Home","message":"Home server render start","data":{}}
{"sessionId":"953efc","timestamp":1775510650047,"hypothesisId":"H4","location":"app/page.tsx:Home","message":"Home server render start","data":{}}
{"sessionId":"953efc","timestamp":1775510650575,"hypothesisId":"H4","location":"app/page.tsx:Home","message":"Home server render start","data":{}}
{"sessionId":"953efc","timestamp":1775510659335,"hypothesisId":"H4","location":"app/page.tsx:Home","message":"Home server render start","data":{}}
{"sessionId":"953efc","timestamp":1775510665103,"hypothesisId":"H4","location":"app/page.tsx:Home","message":"Home server render start","data":{}}
{"sessionId":"953efc","timestamp":1775510665650,"hypothesisId":"H4","location":"app/page.tsx:Home","message":"Home server render start","data":{}}
{"sessionId":"953efc","timestamp":1775510674151,"hypothesisId":"H4","location":"app/page.tsx:Home","message":"Home server render start","data":{}}
{"sessionId":"953efc","timestamp":1775510679116,"hypothesisId":"H4","location":"app/page.tsx:Home","message":"Home server render start","data":{}}
{"sessionId":"953efc","timestamp":1775510685516,"hypothesisId":"H4","location":"app/page.tsx:Home","message":"Home server render start","data":{}}
{"sessionId":"953efc","timestamp":1775510691088,"hypothesisId":"H4","location":"app/page.tsx:Home","message":"Home server render start","data":{}}
{"sessionId":"953efc","timestamp":1775510697316,"hypothesisId":"H4","location":"app/page.tsx:Home","message":"Home server render start","data":{}}
{"sessionId":"953efc","timestamp":1775510697744,"hypothesisId":"H4","location":"app/page.tsx:Home","message":"Home server render start","data":{}}
{"sessionId":"953efc","timestamp":1775510698170,"hypothesisId":"H4","location":"app/page.tsx:Home","message":"Home server render start","data":{}}
{"sessionId":"953efc","timestamp":1775510698615,"hypothesisId":"H4","location":"app/page.tsx:Home","message":"Home server render start","data":{}}
{"sessionId":"953efc","timestamp":1775510704243,"hypothesisId":"H4","location":"app/page.tsx:Home","message":"Home server render start","data":{}}
{"sessionId":"953efc","timestamp":1775510704790,"hypothesisId":"H4","location":"app/page.tsx:Home","message":"Home server render start","data":{}}
{"sessionId":"953efc","timestamp":1775510713337,"hypothesisId":"H4","location":"app/page.tsx:Home","message":"Home server render start","data":{}}
{"sessionId":"953efc","timestamp":1775510718083,"hypothesisId":"H4","location":"app/page.tsx:Home","message":"Home server render start","data":{}}
{"sessionId":"953efc","timestamp":1775510724204,"hypothesisId":"H4","location":"app/page.tsx:Home","message":"Home server render start","data":{}}
{"sessionId":"953efc","timestamp":1775510729638,"hypothesisId":"H4","location":"app/page.tsx:Home","message":"Home server render start","data":{}}
{"sessionId":"953efc","timestamp":1775510736798,"hypothesisId":"H4","location":"app/page.tsx:Home","message":"Home server render start","data":{}}
{"sessionId":"953efc","timestamp":1775510741995,"hypothesisId":"H4","location":"app/page.tsx:Home","message":"Home server render start","data":{}}
{"sessionId":"953efc","timestamp":1775510742433,"hypothesisId":"H4","location":"app/page.tsx:Home","message":"Home server render start","data":{}}
{"sessionId":"953efc","timestamp":1775510746772,"hypothesisId":"H4","location":"app/page.tsx:Home","message":"Home server render start","data":{}}
{"sessionId":"953efc","timestamp":1775510751388,"hypothesisId":"H4","location":"app/page.tsx:Home","message":"Home server render start","data":{}}
{"sessionId":"953efc","timestamp":1775510752659,"hypothesisId":"H4","location":"app/page.tsx:Home","message":"Home server render start","data":{}}
{"sessionId":"953efc","timestamp":1775510779427,"hypothesisId":"H4","location":"app/page.tsx:Home","message":"Home server render start","data":{}}
{"sessionId":"953efc","timestamp":1775510785882,"hypothesisId":"H4","location":"app/page.tsx:Home","message":"Home server render start","data":{}}
{"sessionId":"953efc","timestamp":1775510794107,"hypothesisId":"H4","location":"app/page.tsx:Home","message":"Home server render start","data":{}}
{"sessionId":"953efc","timestamp":1775586490409,"hypothesisId":"H4","location":"app/page.tsx:Home","message":"Home server render start","data":{}}
{"sessionId":"953efc","timestamp":1775586590841,"hypothesisId":"H4","location":"app/page.tsx:Home","message":"Home server render start","data":{}}
{"sessionId":"953efc","timestamp":1775586600487,"hypothesisId":"H4","location":"app/page.tsx:Home","message":"Home server render start","data":{}}
{"sessionId":"953efc","timestamp":1775586611803,"hypothesisId":"H4","location":"app/page.tsx:Home","message":"Home server render start","data":{}}
{"sessionId":"953efc","timestamp":1775586621557,"hypothesisId":"H4","location":"app/page.tsx:Home","message":"Home server render start","data":{}}
{"sessionId":"953efc","timestamp":1775586631459,"hypothesisId":"H4","location":"app/page.tsx:Home","message":"Home server render start","data":{}}
{"sessionId":"953efc","timestamp":1775586634243,"hypothesisId":"H4","location":"app/page.tsx:Home","message":"Home server render start","data":{}}
{"sessionId":"953efc","timestamp":1775586638032,"hypothesisId":"H4","location":"app/page.tsx:Home","message":"Home server render start","data":{}}
{"sessionId":"953efc","timestamp":1775586638057,"hypothesisId":"H4","location":"app/page.tsx:Home","message":"Home server render start","data":{}}
{"sessionId":"953efc","timestamp":1775586645076,"hypothesisId":"H4","location":"app/page.tsx:Home","message":"Home server render start","data":{}}
{"sessionId":"953efc","timestamp":1775586652186,"hypothesisId":"H4","location":"app/page.tsx:Home","message":"Home server render start","data":{}}
{"sessionId":"953efc","timestamp":1775586653042,"hypothesisId":"H4","location":"app/page.tsx:Home","message":"Home server render start","data":{}}
{"sessionId":"953efc","timestamp":1775586683246,"hypothesisId":"H4","location":"app/page.tsx:Home","message":"Home server render start","data":{}}
{"sessionId":"953efc","timestamp":1775586694352,"hypothesisId":"H4","location":"app/page.tsx:Home","message":"Home server render start","data":{}}
{"sessionId":"953efc","timestamp":1775586695212,"hypothesisId":"H4","location":"app/page.tsx:Home","message":"Home server render start","data":{}}
{"sessionId":"953efc","timestamp":1775586696232,"hypothesisId":"H4","location":"app/page.tsx:Home","message":"Home server render start","data":{}}
{"sessionId":"953efc","timestamp":1775586736982,"hypothesisId":"H4","location":"app/page.tsx:Home","message":"Home server render start","data":{}}
{"sessionId":"953efc","timestamp":1775586775924,"hypothesisId":"H4","location":"app/page.tsx:Home","message":"Home server render start","data":{}}
{"sessionId":"953efc","timestamp":1775586926264,"hypothesisId":"H4","location":"app/page.tsx:Home","message":"Home server render start","data":{}}
{"sessionId":"953efc","timestamp":1775586950934,"hypothesisId":"H4","location":"app/page.tsx:Home","message":"Home server render start","data":{}}
{"sessionId":"953efc","timestamp":1775586967409,"hypothesisId":"H4","location":"app/page.tsx:Home","message":"Home server render start","data":{}}
{"sessionId":"953efc","timestamp":1775586982802,"hypothesisId":"H4","location":"app/page.tsx:Home","message":"Home server render start","data":{}}
{"sessionId":"953efc","timestamp":1775586986119,"hypothesisId":"H4","location":"app/page.tsx:Home","message":"Home server render start","data":{}}
{"sessionId":"953efc","timestamp":1775586986141,"hypothesisId":"H4","location":"app/page.tsx:Home","message":"Home server render start","data":{}}
{"sessionId":"953efc","timestamp":1775586991124,"hypothesisId":"H4","location":"app/page.tsx:Home","message":"Home server render start","data":{}}
{"sessionId":"953efc","timestamp":1775586991902,"hypothesisId":"H4","location":"app/page.tsx:Home","message":"Home server render start","data":{}}
{"sessionId":"953efc","timestamp":1775587013948,"hypothesisId":"H4","location":"app/page.tsx:Home","message":"Home server render start","data":{}}
{"sessionId":"953efc","timestamp":1775587043855,"hypothesisId":"H4","location":"app/page.tsx:Home","message":"Home server render start","data":{}}
